<?xml version='1.1' encoding='UTF-8'?>
<result plugin="junit@1.29">
  <suites>
    <suite>
      <file>/var/jenkins_home/workspace/hello_world_sonar/server/target/surefire-reports/TEST-com.example.TestGreeter.xml</file>
      <name>com.example.TestGreeter</name>
      <duration>0.063</duration>
      <time>0.063</time>
      <enclosingBlocks/>
      <enclosingBlockNames/>
      <cases>
        <case>
          <duration>0.005</duration>
          <className>com.example.TestGreeter</className>
          <testName>greetShouldIncludeTheOneBeingGreeted</testName>
          <skipped>false</skipped>
          <failedSince>0</failedSince>
        </case>
        <case>
          <duration>0.0</duration>
          <className>com.example.TestGreeter</className>
          <testName>greetShouldIncludeGreetingPhrase</testName>
          <skipped>false</skipped>
          <failedSince>0</failedSince>
        </case>
      </cases>
    </suite>
  </suites>
  <duration>0.063</duration>
  <keepLongStdio>false</keepLongStdio>
</result>