<?xml version='1.1' encoding='UTF-8'?>
<result plugin="junit@1.29">
  <suites>
    <suite>
      <file>/var/jenkins_home/workspace/python-web-flask-pipeline/test-reports/TEST-TestHello-20200513135657.xml</file>
      <name>TestHello-20200513135657</name>
      <stdout></stdout>
      <stderr></stderr>
      <duration>0.007</duration>
      <time>0.007</time>
      <nodeId>26</nodeId>
      <enclosingBlocks>
        <string>24</string>
      </enclosingBlocks>
      <enclosingBlockNames>
        <string>test</string>
      </enclosingBlockNames>
      <cases>
        <case>
          <duration>0.005</duration>
          <className>TestHello</className>
          <testName>test_hello</testName>
          <skipped>false</skipped>
          <failedSince>0</failedSince>
        </case>
        <case>
          <duration>0.001</duration>
          <className>TestHello</className>
          <testName>test_hello_hello</testName>
          <skipped>false</skipped>
          <failedSince>0</failedSince>
        </case>
        <case>
          <duration>0.001</duration>
          <className>TestHello</className>
          <testName>test_hello_name</testName>
          <skipped>false</skipped>
          <failedSince>0</failedSince>
        </case>
      </cases>
    </suite>
  </suites>
  <duration>0.007</duration>
  <keepLongStdio>false</keepLongStdio>
</result>